[11:37:54] [main/INFO]: Loading Minecraft 1.21.1 with Fabric Loader 0.18.4
[11:37:54] [main/INFO]: Loading 4 mods:
	- fabricloader 0.18.4
	   \-- mixinextras 0.5.0
	- java 25
	- minecraft 1.21.1
[11:37:54] [main/INFO]: SpongePowered MIXIN Subsystem Version=0.8.7 Source=file:/workspaces/Server-Minecraft-Fabric-1.21.1/fabric-1.21.1/libraries/net/fabricmc/sponge-mixin/0.17.0+mixin.0.8.7/sponge-mixin-0.17.0+mixin.0.8.7.jar Service=Knot/Fabric Env=SERVER
[11:37:59] [main/INFO]: Environment: Environment[sessionHost=https://sessionserver.mojang.com, servicesHost=https://api.minecraftservices.com, name=PROD]
[11:38:00] [main/INFO]: No existing world data, creating new world
[11:38:00] [main/INFO]: Loaded 1290 recipes
[11:38:01] [main/INFO]: Loaded 1399 advancements
[11:38:01] [Server thread/INFO]: Starting minecraft server version 1.21.1
[11:38:01] [Server thread/INFO]: Loading properties
[11:38:01] [Server thread/INFO]: Default game type: SURVIVAL
[11:38:01] [Server thread/INFO]: Generating keypair
[11:38:01] [Server thread/INFO]: Starting Minecraft server on *:25565
[11:38:01] [Server thread/INFO]: Using epoll channel type
[11:38:01] [Server thread/INFO]: Preparing level "world"
[11:38:08] [Server thread/INFO]: Preparing start region for dimension minecraft:overworld
[11:38:08] [Worker-Main-2/INFO]: Preparing spawn area: 2%
[11:38:09] [Worker-Main-1/INFO]: Preparing spawn area: 2%
[11:38:09] [Worker-Main-1/INFO]: Preparing spawn area: 2%
[11:38:10] [Worker-Main-1/INFO]: Preparing spawn area: 2%
[11:38:10] [Worker-Main-1/INFO]: Preparing spawn area: 2%
[11:38:11] [Worker-Main-2/INFO]: Preparing spawn area: 2%
[11:38:11] [Worker-Main-3/INFO]: Preparing spawn area: 18%
[11:38:12] [Worker-Main-3/INFO]: Preparing spawn area: 18%
[11:38:12] [Worker-Main-1/INFO]: Preparing spawn area: 18%
[11:38:13] [Worker-Main-1/INFO]: Preparing spawn area: 18%
[11:38:13] [Worker-Main-3/INFO]: Preparing spawn area: 51%
[11:38:14] [Worker-Main-3/INFO]: Preparing spawn area: 51%
[11:38:14] [Worker-Main-2/INFO]: Preparing spawn area: 51%
[11:38:15] [Worker-Main-1/INFO]: Preparing spawn area: 51%
[11:38:15] [Server thread/INFO]: Time elapsed: 6597 ms
[11:38:15] [Server thread/INFO]: Done (13.633s)! For help, type "help"
[11:38:49] [Server thread/INFO]: /advancement (grant|revoke)
[11:38:49] [Server thread/INFO]: /attribute <target> <attribute> (get|base|modifier)
[11:38:49] [Server thread/INFO]: /execute (run|if|unless|as|at|store|positioned|rotated|facing|align|anchored|in|summon|on)
[11:38:49] [Server thread/INFO]: /bossbar (add|remove|list|set|get)
[11:38:49] [Server thread/INFO]: /clear [<targets>]
[11:38:49] [Server thread/INFO]: /clone (<begin>|from)
[11:38:49] [Server thread/INFO]: /damage <target> <amount> [<damageType>]
[11:38:49] [Server thread/INFO]: /data (merge|get|remove|modify)
[11:38:49] [Server thread/INFO]: /datapack (enable|disable|list)
[11:38:49] [Server thread/INFO]: /debug (start|stop|function)
[11:38:49] [Server thread/INFO]: /defaultgamemode <gamemode>
[11:38:49] [Server thread/INFO]: /difficulty [peaceful|easy|normal|hard]
[11:38:49] [Server thread/INFO]: /effect (clear|give)
[11:38:49] [Server thread/INFO]: /me <action>
[11:38:49] [Server thread/INFO]: /enchant <targets> <enchantment> [<level>]
[11:38:49] [Server thread/INFO]: /experience (add|set|query)
[11:38:49] [Server thread/INFO]: /xp -> experience
[11:38:49] [Server thread/INFO]: /fill <from> <to> <block> [replace|keep|outline|hollow|destroy]
[11:38:49] [Server thread/INFO]: /fillbiome <from> <to> <biome> [replace]
[11:38:49] [Server thread/INFO]: /forceload (add|remove|query)
[11:38:49] [Server thread/INFO]: /function <name> [<arguments>|with]
[11:38:49] [Server thread/INFO]: /gamemode <gamemode> [<target>]
[11:38:49] [Server thread/INFO]: /gamerule (announceAdvancements|blockExplosionDropDecay|commandBlockOutput|commandModificationBlockLimit|disableElytraMovementCheck|disableRaids|doDaylightCycle|doEntityDrops|doFireTick|doImmediateRespawn|doInsomnia|doLimitedCrafting|doMobLoot|doMobSpawning|doPatrolSpawning|doTileDrops|doTraderSpawning|doVinesSpread|doWardenSpawning|doWeatherCycle|drowningDamage|enderPearlsVanishOnDeath|fallDamage|fireDamage|forgiveDeadPlayers|freezeDamage|globalSoundEvents|keepInventory|lavaSourceConversion|logAdminCommands|maxCommandChainLength|maxCommandForkCount|maxEntityCramming|mobExplosionDropDecay|mobGriefing|naturalRegeneration|playersNetherPortalCreativeDelay|playersNetherPortalDefaultDelay|playersSleepingPercentage|projectilesCanBreakBlocks|randomTickSpeed|reducedDebugInfo|sendCommandFeedback|showDeathMessages|snowAccumulationHeight|spawnChunkRadius|spawnRadius|spectatorsGenerateChunks|tntExplosionDropDecay|universalAnger|waterSourceConversion)
[11:38:49] [Server thread/INFO]: /give <targets> <item> [<count>]
[11:38:49] [Server thread/INFO]: /help [<command>]
[11:38:49] [Server thread/INFO]: /item (replace|modify)
[11:38:49] [Server thread/INFO]: /kick <targets> [<reason>]
[11:38:49] [Server thread/INFO]: /kill [<targets>]
[11:38:49] [Server thread/INFO]: /list [uuids]
[11:38:49] [Server thread/INFO]: /locate (structure|biome|poi)
[11:38:49] [Server thread/INFO]: /loot (replace|insert|give|spawn)
[11:38:49] [Server thread/INFO]: /msg <targets> <message>
[11:38:49] [Server thread/INFO]: /tell -> msg
[11:38:49] [Server thread/INFO]: /w -> msg
[11:38:49] [Server thread/INFO]: /particle <name> [<pos>]
[11:38:49] [Server thread/INFO]: /place (feature|jigsaw|structure|template)
[11:38:49] [Server thread/INFO]: /playsound <sound> [master|music|record|weather|block|hostile|neutral|player|ambient|voice]
[11:38:49] [Server thread/INFO]: /random (value|roll|reset)
[11:38:49] [Server thread/INFO]: /reload
[11:38:49] [Server thread/INFO]: /recipe (give|take)
[11:38:49] [Server thread/INFO]: /return (<value>|fail|run)
[11:38:49] [Server thread/INFO]: /ride <target> (mount|dismount)
[11:38:49] [Server thread/INFO]: /say <message>
[11:38:49] [Server thread/INFO]: /schedule (function|clear)
[11:38:49] [Server thread/INFO]: /scoreboard (objectives|players)
[11:38:49] [Server thread/INFO]: /seed
[11:38:49] [Server thread/INFO]: /setblock <pos> <block> [destroy|keep|replace]
[11:38:49] [Server thread/INFO]: /spawnpoint [<targets>]
[11:38:49] [Server thread/INFO]: /setworldspawn [<pos>]
[11:38:49] [Server thread/INFO]: /spectate [<target>]
[11:38:49] [Server thread/INFO]: /spreadplayers <center> <spreadDistance> <maxRange> (<respectTeams>|under)
[11:38:49] [Server thread/INFO]: /stopsound <targets> [*|master|music|record|weather|block|hostile|neutral|player|ambient|voice]
[11:38:49] [Server thread/INFO]: /summon <entity> [<pos>]
[11:38:49] [Server thread/INFO]: /tag <targets> (add|remove|list)
[11:38:49] [Server thread/INFO]: /team (list|add|remove|empty|join|leave|modify)
[11:38:49] [Server thread/INFO]: /teammsg <message>
[11:38:49] [Server thread/INFO]: /tm -> teammsg
[11:38:49] [Server thread/INFO]: /teleport (<location>|<destination>|<targets>)
[11:38:49] [Server thread/INFO]: /tp -> teleport
[11:38:49] [Server thread/INFO]: /tellraw <targets> <message>
[11:38:49] [Server thread/INFO]: /tick (query|rate|step|sprint|unfreeze|freeze)
[11:38:49] [Server thread/INFO]: /time (set|add|query)
[11:38:49] [Server thread/INFO]: /title <targets> (clear|reset|title|subtitle|actionbar|times)
[11:38:49] [Server thread/INFO]: /trigger <objective> [add|set]
[11:38:49] [Server thread/INFO]: /weather (clear|rain|thunder)
[11:38:49] [Server thread/INFO]: /worldborder (add|set|center|damage|get|warning)
[11:38:49] [Server thread/INFO]: /jfr (start|stop)
[11:38:49] [Server thread/INFO]: /ban-ip <target> [<reason>]
[11:38:49] [Server thread/INFO]: /banlist [ips|players]
[11:38:49] [Server thread/INFO]: /ban <targets> [<reason>]
[11:38:49] [Server thread/INFO]: /deop <targets>
[11:38:49] [Server thread/INFO]: /op <targets>
[11:38:49] [Server thread/INFO]: /pardon <targets>
[11:38:49] [Server thread/INFO]: /pardon-ip <target>
[11:38:49] [Server thread/INFO]: /perf (start|stop)
[11:38:49] [Server thread/INFO]: /save-all [flush]
[11:38:49] [Server thread/INFO]: /save-off
[11:38:49] [Server thread/INFO]: /save-on
[11:38:49] [Server thread/INFO]: /setidletimeout <minutes>
[11:38:49] [Server thread/INFO]: /stop
[11:38:49] [Server thread/INFO]: /transfer <hostname> [<port>]
[11:38:49] [Server thread/INFO]: /whitelist (on|off|list|add|remove|reload)
[11:41:26] [User Authenticator #1/INFO]: UUID of player prasetyo is 8cb770c8-19ce-487a-b9dc-1cfafdbe6fdb
[11:41:27] [Server thread/INFO]: prasetyo[/127.253.126.47:52515] logged in with entity id 36 at (38.5, 77.0, -55.5)
[11:41:27] [Server thread/INFO]: prasetyo joined the game
[11:41:52] [Server thread/INFO]: Made prasetyo a server operator
[11:42:01] [Server thread/INFO]: [prasetyo: Set own game mode to Creative Mode]
[11:44:56] [Server thread/INFO]: prasetyo lost connection: Disconnected
[11:44:56] [Server thread/INFO]: prasetyo left the game
